<?xml version="1.0" encoding="UTF-8"?>
<testsuite xmlns:xsi="http://www.w3.org/2001/XMLSchema-instance" xsi:noNamespaceSchemaLocation="https://maven.apache.org/surefire/maven-surefire-plugin/xsd/surefire-test-report.xsd" name="selenium.ExampleSeleniumTest" time="198.537" tests="33" errors="0" skipped="0" failures="1">
  <properties>
[...]
</properties>
  <testcase name="testcase10" classname="selenium.ExampleSeleniumTest" time="6.152"/>
  <testcase name="F1_positive" classname="selenium.ExampleSeleniumTest" time="5.277"/>
  <testcase name="testcase4point1" classname="selenium.ExampleSeleniumTest" time="3.927"/>
  <testcase name="F1_negative" classname="selenium.ExampleSeleniumTest" time="4.291"/>
  <testcase name="RemoveBook" classname="selenium.ExampleSeleniumTest" time="5.248"/>
  <testcase name="testcase1" classname="selenium.ExampleSeleniumTest" time="3.844"/>
  <testcase name="testcase2" classname="selenium.ExampleSeleniumTest" time="3.12"/>
  <testcase name="testcase3" classname="selenium.ExampleSeleniumTest" time="4.45"/>
  <testcase name="testcase5" classname="selenium.ExampleSeleniumTest" time="5.167"/>
  <testcase name="testcase6" classname="selenium.ExampleSeleniumTest" time="4.608"/>
  <testcase name="testcase7" classname="selenium.ExampleSeleniumTest" time="14.868"/>
  <testcase name="testcase9" classname="selenium.ExampleSeleniumTest" time="4.693"/>
  <testcase name="F2point1Positive" classname="selenium.ExampleSeleniumTest" time="4.525"/>
  <testcase name="Authentification" classname="selenium.ExampleSeleniumTest" time="3.48"/>
  <testcase name="checkoutPositive" classname="selenium.ExampleSeleniumTest" time="3.704"/>
  <testcase name="F2point1Negative" classname="selenium.ExampleSeleniumTest" time="3.062"/>
  <testcase name="checkoutNegative" classname="selenium.ExampleSeleniumTest" time="4.581">
    <failure message="expected: &lt;$0.00&gt; but was: &lt;$10.00&gt;" type="org.opentest4j.AssertionFailedError"><![CDATA[org.opentest4j.AssertionFailedError: expected: <$0.00> but was: <$10.00>
	at selenium.ExampleSeleniumTest.checkoutNegative(ExampleSeleniumTest.java:353)
]]></failure>
    <system-out><![CDATA[Prix: $10.00 $0.00 $10.00
Logged in
]]></system-out>
    <system-err><![CDATA[Starting ChromeDriver 91.0.4472.101 (af52a90bf87030dd1523486a1cd3ae25c5d76c9b-refs/branch-heads/4472@{#1462}) on port 39902
Only local connections are allowed.
Please see https://chromedriver.chromium.org/security-considerations for suggestions on keeping ChromeDriver safe.
ChromeDriver was started successfully.
Jul. 20, 2021 4:30:55 P.M. org.openqa.selenium.remote.ProtocolHandshake createSession
INFO: Detected dialect: W3C
]]></system-err>
  </testcase>
  <testcase name="checkBookPositive" classname="selenium.ExampleSeleniumTest" time="13.572"/>
  <testcase name="checkBookNegative" classname="selenium.ExampleSeleniumTest" time="14.454"/>
  <testcase name="test1" classname="selenium.ExampleSeleniumTest" time="3.03"/>
  <testcase name="test2" classname="selenium.ExampleSeleniumTest" time="2.958"/>
  <testcase name="addBookPositive" classname="selenium.ExampleSeleniumTest" time="4.727"/>
  <testcase name="testcase1point2" classname="selenium.ExampleSeleniumTest" time="3.073"/>
  <testcase name="testcase3et2" classname="selenium.ExampleSeleniumTest" time="4.224"/>
  <testcase name="testcase3et3" classname="selenium.ExampleSeleniumTest" time="3.302"/>
  <testcase name="testcase4et2" classname="selenium.ExampleSeleniumTest" time="4.542"/>
  <testcase name="testcase4et3" classname="selenium.ExampleSeleniumTest" time="3.251"/>
  <testcase name="testcase8et1" classname="selenium.ExampleSeleniumTest" time="5.166"/>
  <testcase name="testcase8et2" classname="selenium.ExampleSeleniumTest" time="13.956"/>
  <testcase name="updateBookPositive" classname="selenium.ExampleSeleniumTest" time="3.647"/>
  <testcase name="updateBookNegative" classname="selenium.ExampleSeleniumTest" time="22.217"/>
  <testcase name="F2point2Positive" classname="selenium.ExampleSeleniumTest" time="7.986"/>
  <testcase name="F2point2Negative" classname="selenium.ExampleSeleniumTest" time="3.338"/>
</testsuite>